2023-12-17 13:12:296 INFO  LoginPage :18 - Clicking on login link : [[ChromeDriver: chrome on windows (526a548d7d1ab1bb9778aa5e1cd4354e)] -> link text: Log in]
2023-12-18 19:12:624 INFO  HomePage :61 - Enter Computer Link [[ChromeDriver: chrome on windows (06f7eedeb4b4958c2892f959229a2a57)] -> link text: Computers]
2023-12-18 19:12:102 INFO  HomePage :19 - Enter On Desktops [[ChromeDriver: chrome on windows (06f7eedeb4b4958c2892f959229a2a57)] -> xpath: (//a[normalize-space()='Desktops'])[3]]
2023-12-18 19:12:127 INFO  DesktopPage :27 - Click on Build Computer [[ChromeDriver: chrome on windows (06f7eedeb4b4958c2892f959229a2a57)] -> css selector: body > div:nth-child(7) > div:nth-child(3) > div:nth-child(1) > div:nth-child(3) > div:nth-child(1) > div:nth-child(2) > div:nth-child(2) > div:nth-child(2) > div:nth-child(1) > div:nth-child(1) > div:nth-child(1) > div:nth-child(1)]
2023-12-18 19:12:953 INFO  HomePage :61 - Enter Computer Link [[ChromeDriver: chrome on windows (7ac97ac0ee52acd2c539b7cf2f0cc44f)] -> link text: Computers]
2023-12-18 19:12:411 INFO  HomePage :19 - Enter On Desktops [[ChromeDriver: chrome on windows (7ac97ac0ee52acd2c539b7cf2f0cc44f)] -> xpath: (//a[normalize-space()='Desktops'])[3]]
2023-12-18 19:12:431 INFO  DesktopPage :27 - Click on Build Computer [[ChromeDriver: chrome on windows (7ac97ac0ee52acd2c539b7cf2f0cc44f)] -> css selector: body > div:nth-child(7) > div:nth-child(3) > div:nth-child(1) > div:nth-child(3) > div:nth-child(1) > div:nth-child(2) > div:nth-child(2) > div:nth-child(2) > div:nth-child(1) > div:nth-child(1) > div:nth-child(1) > div:nth-child(1)]
2023-12-18 19:12:846 INFO  HomePage :61 - Enter Computer Link [[ChromeDriver: chrome on windows (703884265966adc327b65648a46810ac)] -> link text: Computers]
2023-12-18 19:12:252 INFO  HomePage :19 - Enter On Desktops [[ChromeDriver: chrome on windows (703884265966adc327b65648a46810ac)] -> xpath: (//a[normalize-space()='Desktops'])[3]]
2023-12-18 19:12:268 INFO  DesktopPage :27 - Click on Build Computer [[ChromeDriver: chrome on windows (703884265966adc327b65648a46810ac)] -> css selector: body > div:nth-child(7) > div:nth-child(3) > div:nth-child(1) > div:nth-child(3) > div:nth-child(1) > div:nth-child(2) > div:nth-child(2) > div:nth-child(2) > div:nth-child(1) > div:nth-child(1) > div:nth-child(1) > div:nth-child(1)]
2023-12-18 19:12:666 INFO  HomePage :42 - Clicking on login link : [[ChromeDriver: chrome on windows (5d266f265cbc7f73119028caa0af8796)] -> link text: Log in]
2023-12-18 19:12:697 INFO  LoginPage :44 - Getting text from : [[ChromeDriver: chrome on windows (5d266f265cbc7f73119028caa0af8796)] -> xpath: //h1[contains(text(),'Welcome, Please Sign In!')]]
2023-12-18 19:12:849 INFO  HomePage :42 - Clicking on login link : [[ChromeDriver: chrome on windows (8cfd47e7af63966b40a08f1e97556576)] -> link text: Log in]
2023-12-18 19:12:937 INFO  LoginPage :50 - email [[ChromeDriver: chrome on windows (8cfd47e7af63966b40a08f1e97556576)] -> id: Email]
2023-12-18 19:12:04 INFO  LoginPage :55 - password [[ChromeDriver: chrome on windows (8cfd47e7af63966b40a08f1e97556576)] -> name: Password]
2023-12-18 19:12:309 INFO  LoginPage :60 - login button [[ChromeDriver: chrome on windows (8cfd47e7af63966b40a08f1e97556576)] -> xpath: //button[contains(text(),'Log in')]]
2023-12-18 19:12:334 INFO  LoginPage :70 - Getting Text from [[ChromeDriver: chrome on windows (8cfd47e7af63966b40a08f1e97556576)] -> xpath: //div[@class='message-error validation-summary-errors']]
2023-12-18 19:12:903 INFO  HomePage :42 - Clicking on login link : [[ChromeDriver: chrome on windows (9965f9f890089f63cc1d738c3d235b2f)] -> link text: Log in]
2023-12-18 19:12:14 INFO  LoginPage :50 - email [[ChromeDriver: chrome on windows (9965f9f890089f63cc1d738c3d235b2f)] -> id: Email]
2023-12-18 19:12:80 INFO  LoginPage :55 - password [[ChromeDriver: chrome on windows (9965f9f890089f63cc1d738c3d235b2f)] -> name: Password]
2023-12-18 19:12:385 INFO  LoginPage :60 - login button [[ChromeDriver: chrome on windows (9965f9f890089f63cc1d738c3d235b2f)] -> xpath: //button[contains(text(),'Log in')]]
2023-12-18 19:12:399 INFO  LoginPage :64 -  Verify Logout Text [[ChromeDriver: chrome on windows (9965f9f890089f63cc1d738c3d235b2f)] -> xpath: //div[@class='message-error validation-summary-errors']]
2023-12-18 19:12:893 INFO  HomePage :42 - Clicking on login link : [[ChromeDriver: chrome on windows (e0dada96e70fd57e54908883b96a6b27)] -> link text: Log in]
2023-12-18 19:12:985 INFO  LoginPage :50 - email [[ChromeDriver: chrome on windows (e0dada96e70fd57e54908883b96a6b27)] -> id: Email]
2023-12-18 19:12:46 INFO  LoginPage :55 - password [[ChromeDriver: chrome on windows (e0dada96e70fd57e54908883b96a6b27)] -> name: Password]
2023-12-18 19:12:356 INFO  LoginPage :60 - login button [[ChromeDriver: chrome on windows (e0dada96e70fd57e54908883b96a6b27)] -> xpath: //button[contains(text(),'Log in')]]
2023-12-18 19:12:418 INFO  LoginPage :75 - logout Link Proxy element for: DefaultElementLocator 'By.linkText: Log out'
2023-12-18 19:12:55 INFO  HomePage :47 - Clicking on register link : [[ChromeDriver: chrome on windows (94ff8ed4f50a282b7b957a76d73c9185)] -> link text: Register]
2023-12-18 19:12:117 INFO  RegisterPage :80 - Enter first name [[ChromeDriver: chrome on windows (94ff8ed4f50a282b7b957a76d73c9185)] -> id: FirstName]
2023-12-18 19:12:181 INFO  RegisterPage :85 - Enter last name [[ChromeDriver: chrome on windows (94ff8ed4f50a282b7b957a76d73c9185)] -> id: LastName]
2023-12-18 19:12:267 INFO  RegisterPage :90 - Enter Date [[ChromeDriver: chrome on windows (94ff8ed4f50a282b7b957a76d73c9185)] -> xpath: /html[1]/body[1]/div[6]/div[3]/div[1]/div[1]/div[1]/div[2]/form[1]/div[1]/div[2]/div[4]/div[1]/select[1]]
